[debug] [2018-01-02T15:44:54.335Z] ----------------------------------------------------------------------
[debug] [2018-01-02T15:44:54.338Z] Command:       C:\Program Files\nodejs\node.exe C:\Users\dleo\AppData\Roaming\npm\node_modules\firebase-tools\bin\firebase serve --only hosting,functions
[debug] [2018-01-02T15:44:54.339Z] CLI Version:   3.16.0
[debug] [2018-01-02T15:44:54.339Z] Platform:      win32
[debug] [2018-01-02T15:44:54.339Z] Node Version:  v8.5.0
[debug] [2018-01-02T15:44:54.340Z] Time:          Tue Jan 02 2018 17:44:54 GMT+0200 (FLE Standard Time)
[debug] [2018-01-02T15:44:54.340Z] ----------------------------------------------------------------------
[debug] 
[debug] [2018-01-02T15:44:54.353Z] > command requires scopes: ["email","openid","https://www.googleapis.com/auth/cloudplatformprojects.readonly","https://www.googleapis.com/auth/firebase","https://www.googleapis.com/auth/cloud-platform"]
[debug] [2018-01-02T15:44:54.354Z] > authorizing via signed-in user
[debug] [2018-01-02T15:44:54.356Z] > refreshing access token with scopes: ["email","https://www.googleapis.com/auth/cloud-platform","https://www.googleapis.com/auth/cloudplatformprojects.readonly","https://www.googleapis.com/auth/firebase","openid"]
[debug] [2018-01-02T15:44:54.356Z] >>> HTTP REQUEST POST https://www.googleapis.com/oauth2/v3/token  
 { refresh_token: '1/mNPcHRB-vnQ2bSq0T_fjld1FnGvcHIfyNIZNT2poYVk',
  client_id: '563584335869-fgrhgmd47bqnekij5i8b5pr03ho849e6.apps.googleusercontent.com',
  client_secret: 'j9iVZfS8kkCEFUPaAeJV0sAi',
  grant_type: 'refresh_token',
  scope: 'email https://www.googleapis.com/auth/cloud-platform https://www.googleapis.com/auth/cloudplatformprojects.readonly https://www.googleapis.com/auth/firebase openid' } 
 Tue Jan 02 2018 17:44:54 GMT+0200 (FLE Standard Time)
[debug] [2018-01-02T15:44:54.607Z] <<< HTTP RESPONSE 200
[debug] [2018-01-02T15:44:54.634Z] >>> HTTP REQUEST GET https://admin.firebase.com/v1/projects/pies-6b41e  
  
 Tue Jan 02 2018 17:44:54 GMT+0200 (FLE Standard Time)
[debug] [2018-01-02T15:44:55.527Z] <<< HTTP RESPONSE 200
[debug] [2018-01-02T15:44:55.527Z] >>> HTTP REQUEST GET https://admin.firebase.com/v1/database/pies-6b41e/tokens  
  
 Tue Jan 02 2018 17:44:55 GMT+0200 (FLE Standard Time)
[debug] [2018-01-02T15:44:56.217Z] <<< HTTP RESPONSE 200
[info] 
[info] === Serving from 'C:\Users\dleo\Desktop\pie'...
[info] 
[info] i  functions: Preparing to emulate functions.
[debug] [2018-01-02T15:44:57.366Z] >>> HTTP REQUEST GET https://appengine.googleapis.com/v1/apps/pies-6b41e  
  
 Tue Jan 02 2018 17:44:57 GMT+0200 (FLE Standard Time)
[debug] [2018-01-02T15:44:57.367Z] >>> HTTP REQUEST GET https://apikeys.googleapis.com/v1/projects/pies-6b41e/apiKeys  
  
 Tue Jan 02 2018 17:44:57 GMT+0200 (FLE Standard Time)
[debug] [2018-01-02T15:44:57.367Z] >>> HTTP REQUEST GET https://cloudresourcemanager.googleapis.com/v1/projects/pies-6b41e  
  
 Tue Jan 02 2018 17:44:57 GMT+0200 (FLE Standard Time)
[debug] [2018-01-02T15:44:57.698Z] <<< HTTP RESPONSE 200
[debug] [2018-01-02T15:44:58.286Z] <<< HTTP RESPONSE 200
[debug] [2018-01-02T15:44:58.286Z] >>> HTTP REQUEST GET https://mobilesdk-pa.googleapis.com/v1/projects/382618190283/clients/_:getWebAppConfig  
  
 Tue Jan 02 2018 17:44:58 GMT+0200 (FLE Standard Time)
[debug] [2018-01-02T15:44:58.385Z] <<< HTTP RESPONSE 200
[debug] [2018-01-02T15:44:59.469Z] <<< HTTP RESPONSE 200
[info] i  hosting: Serving hosting files from: dist
[info] +  hosting: Local server: http://localhost:5000

[info] +  functions: server: http://localhost:5001/pies-6b41e/us-central1/server
[info] [hosting] Rewriting / to local function server
